<?xml version="1.0" encoding="UTF-8"?>
<testsuite xmlns:xsi="http://www.w3.org/2001/XMLSchema-instance" xsi:noNamespaceSchemaLocation="https://maven.apache.org/surefire/maven-surefire-plugin/xsd/surefire-test-report-3.0.xsd" version="3.0" name="runner.CucumberRunnerTests" time="2.485" tests="1" errors="0" skipped="0" failures="0">
  <properties>
[...]
</properties>
  <testcase name="runScenario[&quot;Login with valid credentials - Feature 1, Scenario -1&quot;, &quot;Optional[Login to HRM Application]&quot;](1)" classname="runner.CucumberRunnerTests" time="0.226">
    <system-out><![CDATA[
@ValidCredentials
Scenario: Login with valid credentials - Feature 1, Scenario -1 # src/test/resources/feature/Login.feature:4
Thread ID - 15
  Given User is on Home page                                    # com.mobile.LoginDefinition.userOnHomePage()
Username Entered
  When User enters username as "Admin"                          # com.mobile.LoginDefinition.entersUsername(java.lang.String)
Password Entered
  And User enters password as "admin123"                        # com.mobile.LoginDefinition.entersPassword(java.lang.String)
  Then User should be able to login sucessfully                 # com.mobile.LoginDefinition.sucessfullLogin()
]]></system-out>
  </testcase>
</testsuite>