<?xml version="1.0" encoding="UTF-8"?>
<testng-results ignored="0" total="1" passed="1" failed="0" skipped="0">
  <reporter-output>
  </reporter-output>
  <suite started-at="2024-03-27T22:11:53 SGT" name="Surefire suite" finished-at="2024-03-27T22:11:54 SGT" duration-ms="817">
    <groups>
      <group name="cucumber">
        <method signature="AbstractTestNGCucumberTests.runScenario(io.cucumber.testng.PickleWrapper,io.cucumber.testng.FeatureWrapper)[pri:0, instance:runner.CucumberRunnerTests@302552ec]" name="runScenario" class="io.cucumber.testng.AbstractTestNGCucumberTests"/>
      </group> <!-- cucumber -->
    </groups>
    <test started-at="2024-03-27T22:11:53 SGT" name="Surefire test" finished-at="2024-03-27T22:11:54 SGT" duration-ms="817">
      <class name="runner.CucumberRunnerTests">
        <test-method is-config="true" signature="setUpClass()[pri:0, instance:runner.CucumberRunnerTests@302552ec]" started-at="2024-03-27T22:11:53 SGT" name="setUpClass" finished-at="2024-03-27T22:11:54 SGT" duration-ms="500" status="PASS">
          <reporter-output>
          </reporter-output>
        </test-method> <!-- setUpClass -->
        <test-method signature="runScenario(io.cucumber.testng.PickleWrapper,io.cucumber.testng.FeatureWrapper)[pri:0, instance:runner.CucumberRunnerTests@302552ec]" started-at="2024-03-27T22:11:54 SGT" name="runScenario" description="Runs Cucumber Scenarios" data-provider="scenarios" finished-at="2024-03-27T22:11:54 SGT" duration-ms="161" status="PASS">
          <params>
            <param index="0">
              <value>
                <![CDATA["Login with valid credentials - Feature 1, Scenario -1"]]>
              </value>
            </param>
            <param index="1">
              <value>
                <![CDATA["Optional[Login to HRM Application]"]]>
              </value>
            </param>
          </params>
          <reporter-output>
          </reporter-output>
        </test-method> <!-- runScenario -->
        <test-method is-config="true" signature="tearDownClass()[pri:0, instance:runner.CucumberRunnerTests@302552ec]" started-at="2024-03-27T22:11:54 SGT" name="tearDownClass" finished-at="2024-03-27T22:11:54 SGT" duration-ms="113" status="PASS">
          <reporter-output>
          </reporter-output>
        </test-method> <!-- tearDownClass -->
      </class> <!-- runner.CucumberRunnerTests -->
    </test> <!-- Surefire test -->
  </suite> <!-- Surefire suite -->
</testng-results>
